<?xml version="1.0" encoding="UTF-8"?>
<testsuite xmlns:xsi="http://www.w3.org/2001/XMLSchema-instance" xsi:noNamespaceSchemaLocation="https://maven.apache.org/surefire/maven-surefire-plugin/xsd/surefire-test-report.xsd" name="com.fasterxml.jackson.dataformat.csv.deser.ParserTrimSpacesTest" time="0.007" tests="3" errors="0" skipped="0" failures="0">
  <properties>
[...]
</properties>
  <testcase name="testTrimming" classname="com.fasterxml.jackson.dataformat.csv.deser.ParserTrimSpacesTest" time="0"/>
  <testcase name="testNonTrimming" classname="com.fasterxml.jackson.dataformat.csv.deser.ParserTrimSpacesTest" time="0"/>
  <testcase name="testTrimmingTabSeparated" classname="com.fasterxml.jackson.dataformat.csv.deser.ParserTrimSpacesTest" time="0"/>
</testsuite>