<?xml version="1.0" encoding="UTF-8"?>
<testsuite xmlns:xsi="http://www.w3.org/2001/XMLSchema-instance" xsi:noNamespaceSchemaLocation="https://maven.apache.org/surefire/maven-surefire-plugin/xsd/surefire-test-report.xsd" name="com.fasterxml.jackson.dataformat.toml.ParserTest" time="0.009" tests="81" errors="0" skipped="0" failures="0">
  <properties>
[...]
</properties>
  <testcase name="collisionQuoted" classname="com.fasterxml.jackson.dataformat.toml.ParserTest" time="0"/>
  <testcase name="longBase" classname="com.fasterxml.jackson.dataformat.toml.ParserTest" time="0"/>
  <testcase name="bigintBase" classname="com.fasterxml.jackson.dataformat.toml.ParserTest" time="0"/>
  <testcase name="dottedCollisionNest" classname="com.fasterxml.jackson.dataformat.toml.ParserTest" time="0"/>
  <testcase name="dottedCollisionRoot" classname="com.fasterxml.jackson.dataformat.toml.ParserTest" time="0"/>
  <testcase name="bareKeys" classname="com.fasterxml.jackson.dataformat.toml.ParserTest" time="0"/>
  <testcase name="inlineTable" classname="com.fasterxml.jackson.dataformat.toml.ParserTest" time="0"/>
  <testcase name="unspecified" classname="com.fasterxml.jackson.dataformat.toml.ParserTest" time="0"/>
  <testcase name="inlineTableSelfContained2" classname="com.fasterxml.jackson.dataformat.toml.ParserTest" time="0"/>
  <testcase name="invalidFloat1" classname="com.fasterxml.jackson.dataformat.toml.ParserTest" time="0"/>
  <testcase name="invalidFloat2" classname="com.fasterxml.jackson.dataformat.toml.ParserTest" time="0"/>
  <testcase name="invalidFloat3" classname="com.fasterxml.jackson.dataformat.toml.ParserTest" time="0"/>
  <testcase name="stringBasic" classname="com.fasterxml.jackson.dataformat.toml.ParserTest" time="0"/>
  <testcase name="bareKeyNonEmpty" classname="com.fasterxml.jackson.dataformat.toml.ParserTest" time="0"/>
  <testcase name="dottedKeysWhitespace" classname="com.fasterxml.jackson.dataformat.toml.ParserTest" time="0"/>
  <testcase name="floats" classname="com.fasterxml.jackson.dataformat.toml.ParserTest" time="0"/>
  <testcase name="keyValuePair" classname="com.fasterxml.jackson.dataformat.toml.ParserTest" time="0"/>
  <testcase name="arrayTable" classname="com.fasterxml.jackson.dataformat.toml.ParserTest" time="0"/>
  <testcase name="controlCharInComment" classname="com.fasterxml.jackson.dataformat.toml.ParserTest" time="0"/>
  <testcase name="points" classname="com.fasterxml.jackson.dataformat.toml.ParserTest" time="0"/>
  <testcase name="signedBase" classname="com.fasterxml.jackson.dataformat.toml.ParserTest" time="0"/>
  <testcase name="outOfOrder" classname="com.fasterxml.jackson.dataformat.toml.ParserTest" time="0"/>
  <testcase name="escapedQuotes" classname="com.fasterxml.jackson.dataformat.toml.ParserTest" time="0"/>
  <testcase name="multiLineEscapeNl" classname="com.fasterxml.jackson.dataformat.toml.ParserTest" time="0"/>
  <testcase name="arrayInlineAndTable" classname="com.fasterxml.jackson.dataformat.toml.ParserTest" time="0"/>
  <testcase name="tableInOrder" classname="com.fasterxml.jackson.dataformat.toml.ParserTest" time="0"/>
  <testcase name="table2" classname="com.fasterxml.jackson.dataformat.toml.ParserTest" time="0"/>
  <testcase name="rootTable" classname="com.fasterxml.jackson.dataformat.toml.ParserTest" time="0"/>
  <testcase name="extendedUnicodeEscapeInvalid" classname="com.fasterxml.jackson.dataformat.toml.ParserTest" time="0"/>
  <testcase name="tableOutOfOrder" classname="com.fasterxml.jackson.dataformat.toml.ParserTest" time="0"/>
  <testcase name="multiLineLiteralQuotes" classname="com.fasterxml.jackson.dataformat.toml.ParserTest" time="0"/>
  <testcase name="inlineTableNl" classname="com.fasterxml.jackson.dataformat.toml.ParserTest" time="0"/>
  <testcase name="unclosed" classname="com.fasterxml.jackson.dataformat.toml.ParserTest" time="0"/>
  <testcase name="quotedKeyEmpty" classname="com.fasterxml.jackson.dataformat.toml.ParserTest" time="0"/>
  <testcase name="floatUnderscore" classname="com.fasterxml.jackson.dataformat.toml.ParserTest" time="0"/>
  <testcase name="floatSpecial" classname="com.fasterxml.jackson.dataformat.toml.ParserTest" time="0"/>
  <testcase name="duplicateTable" classname="com.fasterxml.jackson.dataformat.toml.ParserTest" time="0"/>
  <testcase name="ld" classname="com.fasterxml.jackson.dataformat.toml.ParserTest" time="0"/>
  <testcase name="lt" classname="com.fasterxml.jackson.dataformat.toml.ParserTest" time="0"/>
  <testcase name="ldt" classname="com.fasterxml.jackson.dataformat.toml.ParserTest" time="0"/>
  <testcase name="odt" classname="com.fasterxml.jackson.dataformat.toml.ParserTest" time="0"/>
  <testcase name="extendedUnicodeEscape" classname="com.fasterxml.jackson.dataformat.toml.ParserTest" time="0"/>
  <testcase name="array" classname="com.fasterxml.jackson.dataformat.toml.ParserTest" time="0"/>
  <testcase name="order" classname="com.fasterxml.jackson.dataformat.toml.ParserTest" time="0"/>
  <testcase name="table" classname="com.fasterxml.jackson.dataformat.toml.ParserTest" time="0"/>
  <testcase name="tableQuoted" classname="com.fasterxml.jackson.dataformat.toml.ParserTest" time="0"/>
  <testcase name="numberDottedKey" classname="com.fasterxml.jackson.dataformat.toml.ParserTest" time="0"/>
  <testcase name="mixedTable" classname="com.fasterxml.jackson.dataformat.toml.ParserTest" time="0"/>
  <testcase name="literalStrings" classname="com.fasterxml.jackson.dataformat.toml.ParserTest" time="0"/>
  <testcase name="keyMixed" classname="com.fasterxml.jackson.dataformat.toml.ParserTest" time="0"/>
  <testcase name="tableWhitespace" classname="com.fasterxml.jackson.dataformat.toml.ParserTest" time="0"/>
  <testcase name="multiLineBasic" classname="com.fasterxml.jackson.dataformat.toml.ParserTest" time="0"/>
  <testcase name="intTypes" classname="com.fasterxml.jackson.dataformat.toml.ParserTest" time="0"/>
  <testcase name="inlineTableSelfContained" classname="com.fasterxml.jackson.dataformat.toml.ParserTest" time="0"/>
  <testcase name="multiLineLiteral" classname="com.fasterxml.jackson.dataformat.toml.ParserTest" time="0"/>
  <testcase name="illegalComment" classname="com.fasterxml.jackson.dataformat.toml.ParserTest" time="0"/>
  <testcase name="inlineTableTrailingComma" classname="com.fasterxml.jackson.dataformat.toml.ParserTest" time="0"/>
  <testcase name="integerBase" classname="com.fasterxml.jackson.dataformat.toml.ParserTest" time="0"/>
  <testcase name="dottedDefinesTable" classname="com.fasterxml.jackson.dataformat.toml.ParserTest" time="0"/>
  <testcase name="integerUnderscore" classname="com.fasterxml.jackson.dataformat.toml.ParserTest" time="0"/>
  <testcase name="zeroPrefixedInt" classname="com.fasterxml.jackson.dataformat.toml.ParserTest" time="0"/>
  <testcase name="singleLine" classname="com.fasterxml.jackson.dataformat.toml.ParserTest" time="0"/>
  <testcase name="arrayCollision1" classname="com.fasterxml.jackson.dataformat.toml.ParserTest" time="0"/>
  <testcase name="arrayCollision2" classname="com.fasterxml.jackson.dataformat.toml.ParserTest" time="0"/>
  <testcase name="comment" classname="com.fasterxml.jackson.dataformat.toml.ParserTest" time="0"/>
  <testcase name="arrayMultiLine" classname="com.fasterxml.jackson.dataformat.toml.ParserTest" time="0"/>
  <testcase name="quotedKeys" classname="com.fasterxml.jackson.dataformat.toml.ParserTest" time="0"/>
  <testcase name="unknownEscape" classname="com.fasterxml.jackson.dataformat.toml.ParserTest" time="0"/>
  <testcase name="javaTimeDeser" classname="com.fasterxml.jackson.dataformat.toml.ParserTest" time="0"/>
  <testcase name="inlineTableEmpty" classname="com.fasterxml.jackson.dataformat.toml.ParserTest" time="0"/>
  <testcase name="dottedSubTable" classname="com.fasterxml.jackson.dataformat.toml.ParserTest" time="0"/>
  <testcase name="arrayTableDotted" classname="com.fasterxml.jackson.dataformat.toml.ParserTest" time="0"/>
  <testcase name="collision" classname="com.fasterxml.jackson.dataformat.toml.ParserTest" time="0"/>
  <testcase name="inOrder" classname="com.fasterxml.jackson.dataformat.toml.ParserTest" time="0"/>
  <testcase name="dottedKeys" classname="com.fasterxml.jackson.dataformat.toml.ParserTest" time="0"/>
  <testcase name="missingQuotesEscape" classname="com.fasterxml.jackson.dataformat.toml.ParserTest" time="0"/>
  <testcase name="integer" classname="com.fasterxml.jackson.dataformat.toml.ParserTest" time="0"/>
  <testcase name="arrayTableStillMissing" classname="com.fasterxml.jackson.dataformat.toml.ParserTest" time="0"/>
  <testcase name="booleans" classname="com.fasterxml.jackson.dataformat.toml.ParserTest" time="0"/>
  <testcase name="controlCharInLiteralString" classname="com.fasterxml.jackson.dataformat.toml.ParserTest" time="0"/>
  <testcase name="collisionNested" classname="com.fasterxml.jackson.dataformat.toml.ParserTest" time="0"/>
</testsuite>